In file included from ../src/bufferutil.cc:15:
/Users/talalsammour/Developer/FirstNodeProject/node_modules/nan/nan.h:107:11: error: no template named 'Handle' in namespace 'v8'
    , v8::Handle<v8::String> opt, bool def) {
      ~~~~^
/Users/talalsammour/Developer/FirstNodeProject/node_modules/nan/nan.h:122:11: error: no template named 'Handle' in namespace 'v8'
    , v8::Handle<v8::String> opt) {
      ~~~~^
/Users/talalsammour/Developer/FirstNodeProject/node_modules/nan/nan.h:128:11: error: no template named 'Handle' in namespace 'v8'
    , v8::Handle<v8::String> opt
      ~~~~^
/Users/talalsammour/Developer/FirstNodeProject/node_modules/nan/nan.h:213:5: error: no member named 'ThrowException' in namespace 'v8'
    _NAN_THROW_ERROR(v8::Exception::Error, errmsg);
    ^~~~~~~~~~~~~~~~~~~~~~~~~~~~~~~~~~~~~~~~~~~~~~
/Users/talalsammour/Developer/FirstNodeProject/node_modules/nan/nan.h:209:11: note: expanded from macro '_NAN_THROW_ERROR'
      v8::ThrowException(fun(v8::String::New(errmsg)));                        \
      ~~~~^
/Users/talalsammour/Developer/FirstNodeProject/node_modules/nan/nan.h:213:5: error: no member named 'New' in 'v8::String'
    _NAN_THROW_ERROR(v8::Exception::Error, errmsg);
    ^~~~~~~~~~~~~~~~~~~~~~~~~~~~~~~~~~~~~~~~~~~~~~
/Users/talalsammour/Developer/FirstNodeProject/node_modules/nan/nan.h:209:42: note: expanded from macro '_NAN_THROW_ERROR'
      v8::ThrowException(fun(v8::String::New(errmsg)));                        \
                             ~~~~~~~~~~~~^
/Users/talalsammour/Developer/FirstNodeProject/node_modules/nan/nan.h:216:3: warning: inline variables are a C++17 extension [-Wc++17-extensions]
  inline static void NanThrowError(v8::Handle<v8::Value> error) {
  ^
/Users/talalsammour/Developer/FirstNodeProject/node_modules/nan/nan.h:216:22: error: variable has incomplete type 'void'
  inline static void NanThrowError(v8::Handle<v8::Value> error) {
                     ^
/Users/talalsammour/Developer/FirstNodeProject/node_modules/nan/nan.h:216:40: error: no member named 'Handle' in namespace 'v8'
  inline static void NanThrowError(v8::Handle<v8::Value> error) {
                                   ~~~~^
/Users/talalsammour/Developer/FirstNodeProject/node_modules/nan/nan.h:216:56: error: expected '(' for function-style cast or type construction
  inline static void NanThrowError(v8::Handle<v8::Value> error) {
                                              ~~~~~~~~~^
/Users/talalsammour/Developer/FirstNodeProject/node_modules/nan/nan.h:216:58: error: use of undeclared identifier 'error'
  inline static void NanThrowError(v8::Handle<v8::Value> error) {
                                                         ^
/Users/talalsammour/Developer/FirstNodeProject/node_modules/nan/nan.h:216:64: error: expected ';' after top level declarator
  inline static void NanThrowError(v8::Handle<v8::Value> error) {
                                                               ^
                                                               ;
/Users/talalsammour/Developer/FirstNodeProject/node_modules/nan/nan.h:489:19: error: unknown type name 'NanCallback'
  NanAsyncWorker (NanCallback *callback) : callback(callback) {
                  ^
/Users/talalsammour/Developer/FirstNodeProject/node_modules/nan/nan.h:518:3: error: unknown type name 'uv_work_t'
  uv_work_t request;
  ^
/Users/talalsammour/Developer/FirstNodeProject/node_modules/nan/nan.h:522:3: error: unknown type name 'NanCallback'
  NanCallback *callback;
  ^
/Users/talalsammour/Developer/FirstNodeProject/node_modules/nan/nan.h:498:7: error: use of undeclared identifier 'NanDispose'
      NanDispose(persistentHandle);
      ^
/Users/talalsammour/Developer/FirstNodeProject/node_modules/nan/nan.h:528:36: error: use of undeclared identifier 'NanPersistentToLocal'
    v8::Local<v8::Object> handle = NanPersistentToLocal(persistentHandle);
                                   ^
/Users/talalsammour/Developer/FirstNodeProject/node_modules/nan/nan.h:529:17: error: no member named 'NewSymbol' in 'v8::String'
    handle->Set(NanSymbol(key), obj);
                ^~~~~~~~~~~~~~
/Users/talalsammour/Developer/FirstNodeProject/node_modules/nan/nan.h:103:38: note: expanded from macro 'NanSymbol'
#define NanSymbol(value) v8::String::NewSymbol(value)
                         ~~~~~~~~~~~~^
/Users/talalsammour/Developer/FirstNodeProject/node_modules/nan/nan.h:535:36: error: use of undeclared identifier 'NanPersistentToLocal'
    v8::Local<v8::Object> handle = NanPersistentToLocal(persistentHandle);
                                   ^
/Users/talalsammour/Developer/FirstNodeProject/node_modules/nan/nan.h:536:40: error: use 'template' keyword to treat 'As' as a dependent template name
    return handle->Get(NanSymbol(key)).As<v8::Object>();
                                       ^
                                       template 
/Users/talalsammour/Developer/FirstNodeProject/node_modules/nan/nan.h:536:24: error: no member named 'NewSymbol' in 'v8::String'
    return handle->Get(NanSymbol(key)).As<v8::Object>();
                       ^~~~~~~~~~~~~~
/Users/talalsammour/Developer/FirstNodeProject/node_modules/nan/nan.h:103:38: note: expanded from macro 'NanSymbol'
#define NanSymbol(value) v8::String::NewSymbol(value)
                         ~~~~~~~~~~~~^
fatal error: too many errors emitted, stopping now [-ferror-limit=]
1 warning and 20 errors generated.
make: *** [Release/obj.target/bufferutil/src/bufferutil.o] Error 1
gyp ERR! build error 
gyp ERR! stack Error: `make` failed with exit code: 2
gyp ERR! stack     at ChildProcess.onExit (/usr/local/lib/node_modules/npm/node_modules/node-gyp/lib/build.js:194:23)
gyp ERR! stack     at ChildProcess.emit (events.js:315:20)
gyp ERR! stack     at Process.ChildProcess._handle.onexit (internal/child_process.js:277:12)
gyp ERR! System Darwin 20.3.0
gyp ERR! command "/usr/local/bin/node" "/usr/local/lib/node_modules/npm/node_modules/node-gyp/bin/node-gyp.js" "rebuild"
gyp ERR! cwd /Users/talalsammour/Developer/FirstNodeProject/node_modules/ws
gyp ERR! node -v v14.16.0
gyp ERR! node-gyp -v v5.1.0
gyp ERR! not ok 
